2024-06-18 19:16:20,838 [INFO] Activator:176 - 


2024-06-18 19:16:20,840 [INFO] Activator:177 - !SESSION log4j initialized
2024-06-18 19:16:24,726 [INFO] LogOutputStream:77 - [STDOUT_REDIRECT] 
2024-06-18 19:16:27,911 [INFO] ApplicationProperties:184 - Using Application install path: C:\ST\STM32CubeIDE_1.15.1\STM32CubeIDE\plugins\com.st.stm32cube.common.mx_6.11.1.202404110753
2024-06-18 19:16:27,947 [INFO] DbMcusXml:78 - Set database path to: C:\ST\STM32CubeIDE_1.15.1\STM32CubeIDE\plugins\com.st.stm32cube.common.mx_6.11.1.202404110753\\db\/mcu/
2024-06-18 19:16:27,948 [INFO] ApiDb:274 - Set plugin database path to: C:\ST\STM32CubeIDE_1.15.1\STM32CubeIDE\plugins\com.st.stm32cube.common.mx_6.11.1.202404110753\\db\/plugins/boardmanager/
2024-06-18 19:16:27,950 [WARN] ApiDb:259 - Overriding images path with different value:  => C:\ST\STM32CubeIDE_1.15.1\STM32CubeIDE\plugins\com.st.stm32cube.common.mx_6.11.1.202404110753\\db\/plugins/mcufinder/images/
2024-06-18 19:16:27,961 [INFO] ApiDb:250 - Set database path to: C:\Users\tiend\.stmcufinder\plugins\mcufinder//mcu/
2024-06-18 19:16:27,963 [INFO] DbMcusAds:125 - Set database path to: C:\Users\tiend\.stmcufinder\plugins\mcufinder//mcu/
2024-06-18 19:16:27,969 [INFO] CrossReferenceDbSqlite:203 - Set database path to: C:\Users\tiend\.stmcufinder\plugins\mcufinder//mcu/cs/
2024-06-18 19:16:28,149 [INFO] RulesReader:64 - Compatibility file has been processed (297 Rules)
2024-06-18 19:16:28,263 [INFO] DbMcusXml:78 - Set database path to: C:\ST\STM32CubeIDE_1.15.1\STM32CubeIDE\plugins\com.st.stm32cube.common.mx_6.11.1.202404110753\\db\/mcu/
2024-06-18 19:16:28,263 [INFO] ApiDb:274 - Set plugin database path to: C:\ST\STM32CubeIDE_1.15.1\STM32CubeIDE\plugins\com.st.stm32cube.common.mx_6.11.1.202404110753\\db\/plugins/boardmanager/
2024-06-18 19:16:28,263 [INFO] ApiDb:261 - Set plugin images path to: C:\ST\STM32CubeIDE_1.15.1\STM32CubeIDE\plugins\com.st.stm32cube.common.mx_6.11.1.202404110753\\db\/plugins/mcufinder/images/
2024-06-18 19:16:28,264 [WARN] DbFile:41 - Overriding database path with different value: C:\Users\tiend\.stmcufinder\plugins\mcufinder/ => C:\Users\tiend\.stmcufinder\plugins\mcufinder
2024-06-18 19:16:28,264 [INFO] ApiDb:250 - Set database path to: C:\Users\tiend\.stmcufinder\plugins\mcufinder//mcu/
2024-06-18 19:16:28,264 [WARN] DbFile:41 - Overriding database path with different value: C:\Users\tiend\.stmcufinder\plugins\mcufinder/ => C:\Users\tiend\.stmcufinder\plugins\mcufinder
2024-06-18 19:16:28,264 [INFO] DbMcusAds:125 - Set database path to: C:\Users\tiend\.stmcufinder\plugins\mcufinder//mcu/
2024-06-18 19:16:28,264 [WARN] DbFile:41 - Overriding database path with different value: C:\Users\tiend\.stmcufinder\plugins\mcufinder/ => C:\Users\tiend\.stmcufinder\plugins\mcufinder
2024-06-18 19:16:28,264 [WARN] DbFile:41 - Overriding database path with different value: C:\Users\tiend\.stmcufinder\plugins\mcufinder/ => C:\Users\tiend\.stmcufinder\plugins\mcufinder
2024-06-18 19:16:28,264 [INFO] CrossReferenceDbSqlite:203 - Set database path to: C:\Users\tiend\.stmcufinder\plugins\mcufinder//mcu/cs/
2024-06-18 19:16:28,397 [INFO] MainPanel:264 - HeapMemory: 268435456
2024-06-18 19:16:28,544 [INFO] DbMcusXml:78 - Set database path to: C:\ST\STM32CubeIDE_1.15.1\STM32CubeIDE\plugins\com.st.stm32cube.common.mx_6.11.1.202404110753\\db\/mcu/
2024-06-18 19:16:28,544 [INFO] ApiDb:274 - Set plugin database path to: C:\ST\STM32CubeIDE_1.15.1\STM32CubeIDE\plugins\com.st.stm32cube.common.mx_6.11.1.202404110753\\db\/plugins/boardmanager/
2024-06-18 19:16:28,544 [INFO] ApiDb:261 - Set plugin images path to: C:\ST\STM32CubeIDE_1.15.1\STM32CubeIDE\plugins\com.st.stm32cube.common.mx_6.11.1.202404110753\\db\/plugins/mcufinder/images/
2024-06-18 19:16:28,544 [WARN] DbFile:41 - Overriding database path with different value: C:\Users\tiend\.stmcufinder\plugins\mcufinder/ => C:\Users\tiend\.stmcufinder\plugins\mcufinder
2024-06-18 19:16:28,544 [INFO] ApiDb:250 - Set database path to: C:\Users\tiend\.stmcufinder\plugins\mcufinder//mcu/
2024-06-18 19:16:28,544 [WARN] DbFile:41 - Overriding database path with different value: C:\Users\tiend\.stmcufinder\plugins\mcufinder/ => C:\Users\tiend\.stmcufinder\plugins\mcufinder
2024-06-18 19:16:28,544 [INFO] DbMcusAds:125 - Set database path to: C:\Users\tiend\.stmcufinder\plugins\mcufinder//mcu/
2024-06-18 19:16:28,544 [WARN] DbFile:41 - Overriding database path with different value: C:\Users\tiend\.stmcufinder\plugins\mcufinder/ => C:\Users\tiend\.stmcufinder\plugins\mcufinder
2024-06-18 19:16:28,546 [WARN] DbFile:41 - Overriding database path with different value: C:\Users\tiend\.stmcufinder\plugins\mcufinder/ => C:\Users\tiend\.stmcufinder\plugins\mcufinder
2024-06-18 19:16:28,546 [INFO] CrossReferenceDbSqlite:203 - Set database path to: C:\Users\tiend\.stmcufinder\plugins\mcufinder//mcu/cs/
2024-06-18 19:16:28,574 [INFO] ApplicationProperties:184 - Using Application install path: C:\ST\STM32CubeIDE_1.15.1\STM32CubeIDE\plugins\com.st.stm32cube.common.mx_6.11.1.202404110753
2024-06-18 19:16:28,576 [INFO] PluginManage:196 - Search for loadable plugins [exclusion list=, ]
2024-06-18 19:16:28,578 [INFO] PluginManage:310 - Check plugin analytics
2024-06-18 19:16:28,873 [INFO] AnalyticsPlugin:253 - Accepted Software Licenses: STM32CubeMX.6.11.1
2024-06-18 19:16:28,873 [INFO] AnalyticsPlugin:255 - Accepted CMSIS Pack Licenses: 
2024-06-18 19:16:28,874 [INFO] AnalyticsPlugin:257 - Accepted Firmware Licenses: FW.F4.1.28.0
2024-06-18 19:16:28,877 [INFO] PluginManage:359 - Loaded plugin analytics (category:tool,tabindex:-1)
2024-06-18 19:16:28,878 [INFO] PluginManage:310 - Check plugin cadmodel
2024-06-18 19:16:28,888 [INFO] CADModel:105 - Init CAD model plugin
2024-06-18 19:16:28,889 [INFO] PluginManage:359 - Loaded plugin cadmodel (category:power,tabindex:5)
2024-06-18 19:16:28,889 [INFO] PluginManage:310 - Check plugin clock
2024-06-18 19:16:28,911 [INFO] PluginManage:359 - Loaded plugin clock (category:base,tabindex:2)
2024-06-18 19:16:28,911 [INFO] PluginManage:310 - Check plugin ddr
2024-06-18 19:16:28,916 [INFO] PluginManage:359 - Loaded plugin ddr (category:tool,tabindex:6)
2024-06-18 19:16:28,916 [INFO] PluginManage:310 - Check plugin filemanager
2024-06-18 19:16:29,163 [INFO] PluginManage:359 - Loaded plugin filemanager (category:base,tabindex:10)
2024-06-18 19:16:29,164 [INFO] PluginManage:310 - Check plugin ipmanager
2024-06-18 19:16:29,177 [INFO] PluginManage:359 - Loaded plugin ipmanager (category:base,tabindex:5)
2024-06-18 19:16:29,177 [INFO] PluginManage:310 - Check plugin lpbam
2024-06-18 19:16:29,189 [INFO] PluginManage:359 - Loaded plugin lpbam (category:base,tabindex:0)
2024-06-18 19:16:29,190 [INFO] PluginManage:310 - Check plugin memorymap
2024-06-18 19:16:29,243 [INFO] PluginManage:359 - Loaded plugin memorymap (category:base,tabindex:4)
2024-06-18 19:16:29,244 [INFO] PluginManage:310 - Check plugin pinoutandconfiguration
2024-06-18 19:16:29,263 [INFO] PluginManage:359 - Loaded plugin pinoutandconfiguration (category:base,tabindex:1)
2024-06-18 19:16:29,264 [INFO] PluginManage:310 - Check plugin pinoutconfig
2024-06-18 19:16:29,467 [WARN] SupportedApi:132 - Cannot load RTOS API schema: s4s-elt-must-match.1: The content of 'definitions' must match (annotation?, (simpleType | complexType)?, (unique | key | keyref)*)). A problem was found starting at: attribute.
2024-06-18 19:16:29,676 [INFO] PluginManage:359 - Loaded plugin pinoutconfig (category:base,tabindex:0)
2024-06-18 19:16:29,676 [INFO] PluginManage:310 - Check plugin power
2024-06-18 19:16:29,692 [INFO] PluginManage:359 - Loaded plugin power (category:power,tabindex:4)
2024-06-18 19:16:29,692 [INFO] PluginManage:310 - Check plugin projectmanager
2024-06-18 19:16:29,716 [INFO] PluginManage:359 - Loaded plugin projectmanager (category:projectmanager,tabindex:3)
2024-06-18 19:16:29,716 [INFO] PluginManage:310 - Check plugin thirdparty
2024-06-18 19:16:29,899 [WARN] IntegrityCheckThread:84 - waiting for thirdparty lock release [integrity check]
2024-06-18 19:16:29,899 [INFO] IntegrityCheckThread:86 - entering critical section [integrity check]
2024-06-18 19:16:29,899 [INFO] PluginManage:359 - Loaded plugin thirdparty (category:base,tabindex:-1)
2024-06-18 19:16:29,900 [INFO] PluginManage:310 - Check plugin tools
2024-06-18 19:16:29,900 [INFO] ThirdPartyUpdaterWithRetryManager:70 - Updater plugin not ready yet. [1/15]
2024-06-18 19:16:29,904 [INFO] PluginManage:359 - Loaded plugin tools (category:base,tabindex:7)
2024-06-18 19:16:29,904 [INFO] PluginManage:310 - Check plugin tutovideos
2024-06-18 19:16:30,138 [INFO] PluginManage:359 - Loaded plugin tutovideos (category:base,tabindex:-1)
2024-06-18 19:16:30,138 [INFO] PluginManage:310 - Check plugin updater
2024-06-18 19:16:30,151 [INFO] PluginManage:359 - Loaded plugin updater (category:base,tabindex:12)
2024-06-18 19:16:30,151 [INFO] PluginManage:310 - Check plugin userauth
2024-06-18 19:16:30,158 [INFO] UserAuth:114 - Init User Auth plugin
2024-06-18 19:16:30,158 [INFO] PluginManage:359 - Loaded plugin userauth (category:base,tabindex:14)
2024-06-18 19:16:30,159 [INFO] PluginManage:283 - PluginManage : Loaded plugins [17]
2024-06-18 19:16:30,513 [INFO] PinOutPanel:1561 - setPackage(No Configuration,No Configuration)
2024-06-18 19:16:30,664 [INFO] CADModel:165 - CPN selected for project level
2024-06-18 19:16:30,665 [INFO] CADModel:114 - Register for checkConnection events
2024-06-18 19:16:30,696 [INFO] IPUIPlugin:80 - create IPUIPlugin
2024-06-18 19:16:30,696 [INFO] PluginManager:220 - loadIPPluginJar : add adc
2024-06-18 19:16:30,701 [INFO] IPUIPlugin:80 - create IPUIPlugin
2024-06-18 19:16:30,702 [INFO] PluginManager:220 - loadIPPluginJar : add aes
2024-06-18 19:16:30,707 [INFO] IPUIPlugin:80 - create IPUIPlugin
2024-06-18 19:16:30,707 [INFO] PluginManager:220 - loadIPPluginJar : add can
2024-06-18 19:16:30,709 [INFO] IPUIPlugin:80 - create IPUIPlugin
2024-06-18 19:16:30,709 [INFO] PluginManager:220 - loadIPPluginJar : add comp
2024-06-18 19:16:30,713 [INFO] IPUIPlugin:80 - create IPUIPlugin
2024-06-18 19:16:30,714 [INFO] PluginManager:220 - loadIPPluginJar : add cryp
2024-06-18 19:16:30,718 [INFO] IPUIPlugin:80 - create IPUIPlugin
2024-06-18 19:16:30,719 [INFO] PluginManager:220 - loadIPPluginJar : add dfsdm
2024-06-18 19:16:30,731 [INFO] IPUIPlugin:80 - create IPUIPlugin
2024-06-18 19:16:30,732 [INFO] PluginManager:220 - loadIPPluginJar : add dma
2024-06-18 19:16:30,737 [INFO] IPUIPlugin:80 - create IPUIPlugin
2024-06-18 19:16:30,737 [INFO] PluginManager:220 - loadIPPluginJar : add dma3
2024-06-18 19:16:30,741 [INFO] IPUIPlugin:80 - create IPUIPlugin
2024-06-18 19:16:30,742 [INFO] PluginManager:220 - loadIPPluginJar : add extmemmanager
2024-06-18 19:16:30,744 [INFO] IPUIPlugin:80 - create IPUIPlugin
2024-06-18 19:16:30,744 [INFO] PluginManager:220 - loadIPPluginJar : add fatfs
2024-06-18 19:16:30,753 [INFO] IPUIPlugin:80 - create IPUIPlugin
2024-06-18 19:16:30,754 [INFO] PluginManager:220 - loadIPPluginJar : add fmc
2024-06-18 19:16:30,762 [INFO] IPUIPlugin:80 - create IPUIPlugin
2024-06-18 19:16:30,763 [INFO] PluginManager:220 - loadIPPluginJar : add freertos
2024-06-18 19:16:30,765 [INFO] IPUIPlugin:80 - create IPUIPlugin
2024-06-18 19:16:30,765 [INFO] PluginManager:220 - loadIPPluginJar : add genericplugin
2024-06-18 19:16:30,769 [INFO] IPUIPlugin:80 - create IPUIPlugin
2024-06-18 19:16:30,769 [INFO] PluginManager:220 - loadIPPluginJar : add gfxmmu
2024-06-18 19:16:30,778 [INFO] IPUIPlugin:80 - create IPUIPlugin
2024-06-18 19:16:30,779 [INFO] PluginManager:220 - loadIPPluginJar : add gic
2024-06-18 19:16:30,785 [INFO] IPUIPlugin:80 - create IPUIPlugin
2024-06-18 19:16:30,785 [INFO] PluginManager:220 - loadIPPluginJar : add gpio
2024-06-18 19:16:30,790 [INFO] IPUIPlugin:80 - create IPUIPlugin
2024-06-18 19:16:30,790 [INFO] PluginManager:220 - loadIPPluginJar : add gtzc
2024-06-18 19:16:30,794 [INFO] IPUIPlugin:80 - create IPUIPlugin
2024-06-18 19:16:30,794 [INFO] PluginManager:220 - loadIPPluginJar : add hash
2024-06-18 19:16:30,797 [INFO] IPUIPlugin:80 - create IPUIPlugin
2024-06-18 19:16:30,798 [INFO] PluginManager:220 - loadIPPluginJar : add i2c
2024-06-18 19:16:30,800 [INFO] IPUIPlugin:80 - create IPUIPlugin
2024-06-18 19:16:30,800 [INFO] PluginManager:220 - loadIPPluginJar : add i2s
2024-06-18 19:16:30,805 [INFO] IPUIPlugin:80 - create IPUIPlugin
2024-06-18 19:16:30,805 [INFO] PluginManager:220 - loadIPPluginJar : add i3c
2024-06-18 19:16:30,810 [INFO] IPUIPlugin:80 - create IPUIPlugin
2024-06-18 19:16:30,810 [INFO] PluginManager:220 - loadIPPluginJar : add ipddr
2024-06-18 19:16:30,819 [INFO] IPUIPlugin:80 - create IPUIPlugin
2024-06-18 19:16:30,819 [INFO] PluginManager:220 - loadIPPluginJar : add linkedlist
2024-06-18 19:16:30,824 [INFO] IPUIPlugin:80 - create IPUIPlugin
2024-06-18 19:16:30,824 [INFO] PluginManager:220 - loadIPPluginJar : add lorawan
2024-06-18 19:16:30,826 [INFO] IPUIPlugin:80 - create IPUIPlugin
2024-06-18 19:16:30,826 [INFO] PluginManager:220 - loadIPPluginJar : add ltdc
2024-06-18 19:16:30,839 [INFO] IPUIPlugin:80 - create IPUIPlugin
2024-06-18 19:16:30,839 [INFO] PluginManager:220 - loadIPPluginJar : add mdma
2024-06-18 19:16:30,844 [INFO] IPUIPlugin:80 - create IPUIPlugin
2024-06-18 19:16:30,844 [INFO] PluginManager:220 - loadIPPluginJar : add nvic
2024-06-18 19:16:30,849 [INFO] IPUIPlugin:80 - create IPUIPlugin
2024-06-18 19:16:30,849 [INFO] PluginManager:220 - loadIPPluginJar : add opamp
2024-06-18 19:16:30,855 [INFO] IPUIPlugin:80 - create IPUIPlugin
2024-06-18 19:16:30,855 [INFO] PluginManager:220 - loadIPPluginJar : add openamp
2024-06-18 19:16:30,860 [INFO] IPUIPlugin:80 - create IPUIPlugin
2024-06-18 19:16:30,860 [INFO] PluginManager:220 - loadIPPluginJar : add pdm2pcm
2024-06-18 19:16:30,869 [INFO] IPUIPlugin:80 - create IPUIPlugin
2024-06-18 19:16:30,875 [INFO] PluginManager:220 - loadIPPluginJar : add plateformsettings
2024-06-18 19:16:30,877 [INFO] IPUIPlugin:80 - create IPUIPlugin
2024-06-18 19:16:30,878 [INFO] PluginManager:220 - loadIPPluginJar : add quadspi
2024-06-18 19:16:30,883 [INFO] IPUIPlugin:80 - create IPUIPlugin
2024-06-18 19:16:30,883 [INFO] PluginManager:220 - loadIPPluginJar : add resmgrutility
2024-06-18 19:16:30,890 [INFO] IPUIPlugin:80 - create IPUIPlugin
2024-06-18 19:16:30,890 [INFO] PluginManager:220 - loadIPPluginJar : add sai
2024-06-18 19:16:30,895 [INFO] IPUIPlugin:80 - create IPUIPlugin
2024-06-18 19:16:30,895 [INFO] PluginManager:220 - loadIPPluginJar : add spi
2024-06-18 19:16:30,903 [INFO] IPUIPlugin:80 - create IPUIPlugin
2024-06-18 19:16:30,904 [INFO] PluginManager:220 - loadIPPluginJar : add stm32_wpan
2024-06-18 19:16:30,908 [INFO] IPUIPlugin:80 - create IPUIPlugin
2024-06-18 19:16:30,908 [INFO] PluginManager:220 - loadIPPluginJar : add tim
2024-06-18 19:16:30,913 [INFO] IPUIPlugin:80 - create IPUIPlugin
2024-06-18 19:16:30,913 [INFO] PluginManager:220 - loadIPPluginJar : add touchsensing
2024-06-18 19:16:30,918 [INFO] IPUIPlugin:80 - create IPUIPlugin
2024-06-18 19:16:30,918 [INFO] PluginManager:220 - loadIPPluginJar : add tracer_emb
2024-06-18 19:16:30,922 [INFO] IPUIPlugin:80 - create IPUIPlugin
2024-06-18 19:16:30,922 [INFO] PluginManager:220 - loadIPPluginJar : add ts
2024-06-18 19:16:30,924 [INFO] IPUIPlugin:80 - create IPUIPlugin
2024-06-18 19:16:30,924 [INFO] PluginManager:220 - loadIPPluginJar : add tsc
2024-06-18 19:16:30,928 [INFO] IPUIPlugin:80 - create IPUIPlugin
2024-06-18 19:16:30,928 [INFO] PluginManager:220 - loadIPPluginJar : add ucpd
2024-06-18 19:16:30,934 [INFO] IPUIPlugin:80 - create IPUIPlugin
2024-06-18 19:16:30,934 [INFO] PluginManager:220 - loadIPPluginJar : add usart
2024-06-18 19:16:30,938 [INFO] IPUIPlugin:80 - create IPUIPlugin
2024-06-18 19:16:30,938 [INFO] PluginManager:220 - loadIPPluginJar : add usbx
2024-06-18 19:16:31,096 [INFO] CADModel:165 - CPN selected for project level
2024-06-18 19:16:31,096 [INFO] CADModel:114 - Register for checkConnection events
2024-06-18 19:16:31,097 [FATAL] Updater:308 - Updater called before beeing initialized
2024-06-18 19:16:31,097 [ERROR] CADModel:125 - Updater not yet initialized, retry later 
2024-06-18 19:16:31,286 [INFO] CADModel:165 - CPN selected for project level
2024-06-18 19:16:31,287 [INFO] CADModel:114 - Register for checkConnection events
2024-06-18 19:16:31,287 [FATAL] Updater:308 - Updater called before beeing initialized
2024-06-18 19:16:31,287 [ERROR] CADModel:125 - Updater not yet initialized, retry later 
2024-06-18 19:16:31,292 [FATAL] Updater:308 - Updater called before beeing initialized
2024-06-18 19:16:31,442 [FATAL] Updater:308 - Updater called before beeing initialized
2024-06-18 19:16:31,446 [INFO] DbMcusAds:53 - JSON generation date=Thu May 16 16:22:00 ICT 2024 (1715851320852)
2024-06-18 19:16:31,446 [FATAL] Updater:308 - Updater called before beeing initialized
2024-06-18 19:16:31,489 [WARN] DetailPanel:346 - Failed to get advertising image, set to default
2024-06-18 19:16:31,579 [FATAL] Updater:308 - Updater called before beeing initialized
2024-06-18 19:16:31,580 [FATAL] Updater:308 - Updater called before beeing initialized
2024-06-18 19:16:31,581 [FATAL] Updater:308 - Updater called before beeing initialized
2024-06-18 19:16:31,581 [WARN] DetailPanel:346 - Failed to get advertising image, set to default
2024-06-18 19:16:31,581 [FATAL] Updater:308 - Updater called before beeing initialized
2024-06-18 19:16:31,667 [ERROR] Updater:1120 - MainUpdater not yet initialized. External WinMGr cannot be set.
2024-06-18 19:16:31,671 [INFO] Updater:1056 - Updater Version found : 6.11.1
2024-06-18 19:16:31,706 [INFO] ApplicationProperties:184 - Using Application install path: C:\ST\STM32CubeIDE_1.15.1\STM32CubeIDE\plugins\com.st.stm32cube.common.mx_6.11.1.202404110753
2024-06-18 19:16:32,130 [INFO] MainUpdater:2873 - connection check result : 10
2024-06-18 19:16:32,131 [INFO] MainUpdater:290 - Updater Check For Update Now.
2024-06-18 19:16:32,131 [INFO] MicroXplorer:498 - Change Database Version : DB.6.0.111
2024-06-18 19:16:32,143 [INFO] McuFinderGlobals:63 - Set McuFinder mode to 2 (CubeIDE integrated)
2024-06-18 19:16:32,144 [INFO] UserAuth:179 - activating auth plugin
2024-06-18 19:16:32,150 [INFO] UserAuth:415 - Internet connection configuration mode: 1
2024-06-18 19:16:32,193 [INFO] JxBrowserEngine:152 - Initiate JxBrowser Engine with user profile folder
2024-06-18 19:16:32,392 [INFO] CheckServerUpdateThread:120 - End of CheckServer Thread
2024-06-18 19:16:33,381 [WARN] PackLoader:240 - Cannot read IP mode file for STMicroelectronics.FP-SNS-MOTENVWB1.1.4.0
2024-06-18 19:16:33,408 [WARN] PackLoader:240 - Cannot read IP mode file for STMicroelectronics.X-CUBE-SMBUS.2.1.0
2024-06-18 19:16:33,423 [WARN] PackLoader:240 - Cannot read IP mode file for STMicroelectronics.X-CUBE-TOUCHGFX.4.23.2
2024-06-18 19:16:33,502 [WARN] PackLoader:240 - Cannot read IP mode file for STMicroelectronics.X-CUBE-AZRTOS-F7.1.1.0
2024-06-18 19:16:33,527 [WARN] PackLoader:240 - Cannot read IP mode file for STMicroelectronics.FP-SNS-FLIGHT1.5.0.2
2024-06-18 19:16:33,552 [WARN] PackLoader:240 - Cannot read IP mode file for STMicroelectronics.X-CUBE-DISPLAY.3.0.0
2024-06-18 19:16:33,589 [WARN] PackLoader:240 - Cannot read IP mode file for STMicroelectronics.X-CUBE-BLE1.7.0.0
2024-06-18 19:16:33,606 [WARN] PackLoader:240 - Cannot read IP mode file for emotas.I-CUBE-CANOPEN.1.3.0
2024-06-18 19:16:33,652 [WARN] PackLoader:240 - Cannot read IP mode file for STMicroelectronics.X-CUBE-BLEMGR.3.1.0
2024-06-18 19:16:33,676 [WARN] PackLoader:240 - Cannot read IP mode file for STMicroelectronics.FP-SNS-SMARTAG2.1.2.0
2024-06-18 19:16:33,702 [INFO] LogOutputStream:77 - [STDOUT_REDIRECT] 1 : Invalid condition id : UX_CORESTACK_Condition cause : null
2024-06-18 19:16:33,704 [INFO] LogOutputStream:77 - [STDOUT_REDIRECT] 1 : Invalid condition id : UX_CORESTACK_Condition cause : null
2024-06-18 19:16:33,707 [INFO] LogOutputStream:77 - [STDOUT_REDIRECT] 1 : Invalid condition id : UX_CORESTACK_Condition cause : null
2024-06-18 19:16:33,710 [INFO] LogOutputStream:77 - [STDOUT_REDIRECT] 1 : Invalid condition id : UX_CORESTACK_Condition cause : null
2024-06-18 19:16:33,713 [INFO] LogOutputStream:77 - [STDOUT_REDIRECT] 1 : Invalid condition id : UX_CORESTACK_Condition cause : null
2024-06-18 19:16:33,730 [WARN] PackLoader:240 - Cannot read IP mode file for STMicroelectronics.X-CUBE-AZRTOS-WL.2.0.0
2024-06-18 19:16:33,749 [WARN] PackLoader:240 - Cannot read IP mode file for STMicroelectronics.FP-SNS-MOTENV1.5.0.0
2024-06-18 19:16:33,772 [WARN] PackLoader:240 - Cannot read IP mode file for WES.I-CUBE-Cesium.1.3.0
2024-06-18 19:16:33,786 [WARN] PackLoader:240 - Cannot read IP mode file for STMicroelectronics.X-CUBE-BLE2.3.3.0
2024-06-18 19:16:33,804 [WARN] PackLoader:240 - Cannot read IP mode file for STMicroelectronics.X-CUBE-TCPP.4.1.0
2024-06-18 19:16:33,849 [WARN] PackLoader:240 - Cannot read IP mode file for STMicroelectronics.X-CUBE-AZRTOS-G0.1.1.0
2024-06-18 19:16:33,872 [INFO] WebApp:161 - Instantiating new browser for Auth
2024-06-18 19:16:33,872 [WARN] PackLoader:240 - Cannot read IP mode file for STMicroelectronics.X-CUBE-SAFEA1.1.2.2
2024-06-18 19:16:33,887 [WARN] PackLoader:240 - Cannot read IP mode file for STMicroelectronics.X-CUBE-NFC4.3.0.0
2024-06-18 19:16:33,900 [WARN] PackLoader:240 - Cannot read IP mode file for wolfSSL.I-CUBE-wolfMQTT.1.18.0
2024-06-18 19:16:33,910 [WARN] PackLoader:240 - Cannot read IP mode file for wolfSSL.I-CUBE-wolfSSL.5.7.0
2024-06-18 19:16:33,921 [WARN] PackLoader:240 - Cannot read IP mode file for STMicroelectronics.FP-ATR-SIGFOX1.3.2.0
2024-06-18 19:16:33,935 [WARN] PackLoader:240 - Cannot read IP mode file for STMicroelectronics.X-CUBE-EEPRMA1.5.1.0
2024-06-18 19:16:33,961 [WARN] PackLoader:240 - Cannot read IP mode file for ITTIA_DB.I-CUBE-ITTIADB.8.9.0
2024-06-18 19:16:34,061 [WARN] PackLoader:240 - Cannot read IP mode file for SEGGER.I-CUBE-embOS.1.3.1
2024-06-18 19:16:34,213 [WARN] PackLoader:240 - Cannot read IP mode file for STMicroelectronics.X-CUBE-ALGOBUILD.1.4.0
2024-06-18 19:16:34,227 [WARN] PackLoader:240 - Cannot read IP mode file for STMicroelectronics.X-CUBE-GNSS1.6.0.0
2024-06-18 19:16:34,304 [WARN] PackLoader:240 - Cannot read IP mode file for STMicroelectronics.X-CUBE-AZRTOS-F4.1.1.0
2024-06-18 19:16:34,322 [WARN] PackLoader:240 - Cannot read IP mode file for STMicroelectronics.X-CUBE-FREERTOS.1.2.0
2024-06-18 19:16:34,358 [WARN] PackLoader:240 - Cannot read IP mode file for STMicroelectronics.X-CUBE-AZRTOS-L5.2.0.0
2024-06-18 19:16:34,378 [WARN] PackLoader:240 - Cannot read IP mode file for STMicroelectronics.X-CUBE-NFC6.3.1.0
2024-06-18 19:16:34,394 [WARN] PackLoader:240 - Cannot read IP mode file for STMicroelectronics.X-CUBE-AI.9.0.0
2024-06-18 19:16:34,409 [WARN] PackLoader:240 - Cannot read IP mode file for STMicroelectronics.X-CUBE-NFC7.1.0.1
2024-06-18 19:16:34,460 [WARN] ConditionMgr:438 - getConditionDescription Invalid condition id : LAN8742 Phy interface Condition cause : null
2024-06-18 19:16:34,461 [WARN] PackLoader:240 - Cannot read IP mode file for STMicroelectronics.X-CUBE-AZRTOS-L4.2.0.0
2024-06-18 19:16:34,464 [WARN] ConditionMgr:1039 - genDependencies : Invalid condition id : LAN8742 Phy interface Condition cause : null
2024-06-18 19:16:34,465 [WARN] ConditionMgr:1039 - genDependencies : Invalid condition id : LAN8742 Phy interface Condition cause : null
2024-06-18 19:16:34,466 [WARN] ConditionMgr:1039 - genDependencies : Invalid condition id : LAN8742 Phy interface Condition cause : null
2024-06-18 19:16:34,484 [WARN] PackLoader:240 - Cannot read IP mode file for STMicroelectronics.X-CUBE-SFXS2LP1.4.0.0
2024-06-18 19:16:34,522 [WARN] ConditionMgr:438 - getConditionDescription Invalid condition id : UX DEVICE CLASS RTOS Condition cause : null
2024-06-18 19:16:34,523 [WARN] ConditionMgr:438 - getConditionDescription Invalid condition id : UX DEVICE CLASS RTOS Condition cause : null
2024-06-18 19:16:34,527 [WARN] PackLoader:240 - Cannot read IP mode file for STMicroelectronics.X-CUBE-AZRTOS-WB.2.0.0
2024-06-18 19:16:34,529 [WARN] ConditionMgr:1039 - genDependencies : Invalid condition id : UX DEVICE CLASS RTOS Condition cause : null
2024-06-18 19:16:34,529 [WARN] ConditionMgr:1039 - genDependencies : Invalid condition id : UX DEVICE CLASS RTOS Condition cause : null
2024-06-18 19:16:34,530 [WARN] ConditionMgr:1039 - genDependencies : Invalid condition id : UX DEVICE CLASS RTOS Condition cause : null
2024-06-18 19:16:34,531 [WARN] ConditionMgr:1039 - genDependencies : Invalid condition id : UX DEVICE CLASS RTOS Condition cause : null
2024-06-18 19:16:34,531 [WARN] ConditionMgr:1039 - genDependencies : Invalid condition id : UX DEVICE CLASS RTOS Condition cause : null
2024-06-18 19:16:34,558 [WARN] PackLoader:240 - Cannot read IP mode file for STMicroelectronics.X-CUBE-SUBG2.5.0.0
2024-06-18 19:16:34,605 [WARN] PackLoader:240 - Cannot read IP mode file for STMicroelectronics.X-CUBE-AZRTOS-G4.2.0.0
2024-06-18 19:16:34,627 [WARN] PackLoader:240 - Cannot read IP mode file for STMicroelectronics.X-CUBE-ISPU.2.0.0
2024-06-18 19:16:34,649 [WARN] PackLoader:240 - Cannot read IP mode file for STMicroelectronics.X-CUBE-ALS.1.0.2
2024-06-18 19:16:34,745 [WARN] PackLoader:240 - Cannot read IP mode file for STMicroelectronics.X-CUBE-MEMS1.10.0.0
2024-06-18 19:16:35,153 [WARN] PackLoader:240 - Cannot read IP mode file for portGmbH.I-Cube-SoM-uGOAL.1.1.0
2024-06-18 19:16:35,165 [WARN] PackLoader:240 - Cannot read IP mode file for STMicroelectronics.X-CUBE-ALS.1.0.1
2024-06-18 19:16:35,224 [WARN] PackLoader:240 - Cannot read IP mode file for STMicroelectronics.X-CUBE-AZRTOS-H7RS.1.0.0
2024-06-18 19:16:35,278 [WARN] PackLoader:240 - Cannot read IP mode file for STMicroelectronics.FP-ATR-ASTRA1.2.0.0
2024-06-18 19:16:35,311 [WARN] PackLoader:240 - Cannot read IP mode file for STMicroelectronics.X-CUBE-TOF1.3.4.1
2024-06-18 19:16:35,431 [WARN] PackLoader:240 - Cannot read IP mode file for STMicroelectronics.X-CUBE-AZRTOS-H7.3.2.0
2024-06-18 19:16:35,472 [WARN] PackLoader:240 - Cannot read IP mode file for Infineon.AIROC-Wi-Fi-Bluetooth-STM32.1.6.0
2024-06-18 19:16:35,489 [INFO] ThirdParty:978 - Integrity check success = true
2024-06-18 19:16:35,490 [INFO] IntegrityCheckThread:100 - exiting critical section [integrity check]
2024-06-18 19:16:35,490 [INFO] IntegrityCheckThread:103 - End integrity checks thread
2024-06-18 19:16:36,412 [INFO] WebApp:779 - Register for checkConnection events
2024-06-18 19:16:36,413 [INFO] WebApp:414 - Apply proxy settings
2024-06-18 19:16:36,414 [INFO] WebApp:499 - Chromium requires no authentication
2024-06-18 19:16:36,448 [INFO] WebApp:442 - Direct internet connection detected
2024-06-18 19:16:36,474 [ERROR] LogOutputStream:75 - [STDERR_REDIRECT] 
